<?xml version="1.0" encoding="UTF-8"?>
<!-- Generated by org.testng.reporters.JUnitReportReporter -->
<testsuite hostname="PRFT-MX-0198" failures="0" tests="2" name="org.rahulshettyacademy.eCommerce_tc_2" time="21.248" errors="0" timestamp="2023-01-20T20:32:37 CST" skipped="0">
  <testcase classname="org.rahulshettyacademy.eCommerce_tc_2" name="FillForm_ErrorTesting" time="4.183"/>
  <system-out/>
  <testcase classname="org.rahulshettyacademy.eCommerce_tc_2" name="FillForm_WorkingCorrectly" time="17.065"/>
  <system-out/>
</testsuite> <!-- org.rahulshettyacademy.eCommerce_tc_2 -->
