<?xml version="1.0" encoding="UTF-8"?>
<!-- Generated by org.testng.reporters.JUnitReportReporter -->
<testsuite hostname="PRFT-MX-0198" failures="0" tests="2" name="org.rahulshettyacademy.eCommerce_tc_4_HybridApp" time="45.106" errors="0" timestamp="2023-01-20T20:32:37 CST" skipped="0">
  <testcase classname="org.rahulshettyacademy.eCommerce_tc_4_HybridApp" name="ConfirmCost" time="20.809"/>
  <system-out/>
  <testcase classname="org.rahulshettyacademy.eCommerce_tc_4_HybridApp" name="ConfirmCost" time="24.297"/>
  <system-out/>
</testsuite> <!-- org.rahulshettyacademy.eCommerce_tc_4_HybridApp -->
